\BOOKMARK [0][-]{section*.1}{Competitive information dynamics \204 The theory of competitive traits \046 meta-strategic game-theory}{}% 1
\BOOKMARK [1][-]{section*.2}{Contents}{section*.1}% 2
\BOOKMARK [1][-]{section*.3}{Notes}{section*.1}% 3
\BOOKMARK [1][-]{section*.4}{Definitions}{section*.1}% 4
\BOOKMARK [2][-]{section*.5}{Traits}{section*.4}% 5
\BOOKMARK [3][-]{section*.6}{Correlated traits}{section*.5}% 6
\BOOKMARK [3][-]{section*.7}{Trait heirarchies}{section*.5}% 7
\BOOKMARK [3][-]{section*.8}{Competing vs non-competing traits}{section*.5}% 8
\BOOKMARK [2][-]{section*.9}{Individuals \046 groups}{section*.4}% 9
\BOOKMARK [2][-]{section*.10}{Strategies}{section*.4}% 10
\BOOKMARK [3][-]{section*.11}{Strategies as information}{section*.10}% 11
\BOOKMARK [3][-]{section*.12}{Indirect strategies}{section*.10}% 12
\BOOKMARK [3][-]{section*.13}{Associative traits}{section*.10}% 13
\BOOKMARK [3][-]{section*.14}{Adoptive traits}{section*.10}% 14
\BOOKMARK [3][-]{section*.15}{Trait substitution}{section*.10}% 15
\BOOKMARK [3][-]{section*.16}{Strategic subservience}{section*.10}% 16
\BOOKMARK [2][-]{section*.17}{Payoff}{section*.4}% 17
\BOOKMARK [3][-]{section*.18}{Individual payoff}{section*.17}% 18
\BOOKMARK [3][-]{section*.19}{Group payoff}{section*.17}% 19
\BOOKMARK [1][-]{section*.20}{Selfish vs altruistic behaviour}{section*.1}% 20
\BOOKMARK [1][-]{section*.21}{Meta-strategy}{section*.1}% 21
\BOOKMARK [2][-]{section*.22}{Meta-utility}{section*.21}% 22
\BOOKMARK [2][-]{section*.23}{Meta-strategic game-theory}{section*.21}% 23
\BOOKMARK [1][-]{section*.24}{Quantum information \205 A new era for strategic dominance}{section*.1}% 24
\BOOKMARK [1][-]{section*.25}{Humanity}{section*.1}% 25
\BOOKMARK [2][-]{section*.26}{Humanism \205 Religion \046 universal human morals}{section*.25}% 26
\BOOKMARK [1][-]{section*.27}{References}{section*.1}% 27
