\BOOKMARK [0][-]{section*.1}{Competitive information dynamics \204 The theory of competitive traits \046 meta-strategic game theory}{}% 1
\BOOKMARK [1][-]{section*.2}{Contents}{section*.1}% 2
\BOOKMARK [1][-]{section*.3}{Notes}{section*.1}% 3
\BOOKMARK [0][-]{part.1}{I Mathematical background}{}% 4
\BOOKMARK [1][-]{section*.5}{Traits}{part.1}% 5
\BOOKMARK [2][-]{section*.6}{Correlated traits}{section*.5}% 6
\BOOKMARK [3][-]{section*.7}{Trait heirarchies}{section*.6}% 7
\BOOKMARK [2][-]{section*.8}{Competing vs non-competing traits}{section*.5}% 8
\BOOKMARK [1][-]{section*.9}{Individuals \046 groups}{part.1}% 9
\BOOKMARK [1][-]{section*.10}{Strategies}{part.1}% 10
\BOOKMARK [2][-]{section*.11}{Strategies as information}{section*.10}% 11
\BOOKMARK [1][-]{section*.12}{Payoffs}{part.1}% 12
\BOOKMARK [2][-]{section*.13}{Individual payoff}{section*.12}% 13
\BOOKMARK [2][-]{section*.14}{Group payoff}{section*.12}% 14
\BOOKMARK [0][-]{part.2}{II The theory of competitive traits}{}% 15
\BOOKMARK [1][-]{section*.15}{Indirect strategies}{part.2}% 16
\BOOKMARK [1][-]{section*.16}{Associative traits}{part.2}% 17
\BOOKMARK [1][-]{section*.17}{Adoptive traits}{part.2}% 18
\BOOKMARK [1][-]{section*.18}{Trait substitution}{part.2}% 19
\BOOKMARK [1][-]{section*.19}{Strategic subservience}{part.2}% 20
\BOOKMARK [1][-]{section*.20}{Selfish vs altruistic behaviour}{part.2}% 21
\BOOKMARK [1][-]{section*.21}{Non-competitive traits}{part.2}% 22
\BOOKMARK [0][-]{part.3}{III Meta-strategy}{}% 23
\BOOKMARK [1][-]{section*.22}{Meta-strategic game theory}{part.3}% 24
\BOOKMARK [2][-]{section*.23}{Strategy groups}{section*.22}% 25
\BOOKMARK [1][-]{section*.24}{Meta-utility}{part.3}% 26
\BOOKMARK [1][-]{section*.25}{Meta-strategic game theory}{part.3}% 27
\BOOKMARK [0][-]{part.4}{IV Quantum information \205 A new era for strategic dominance}{}% 28
\BOOKMARK [0][-]{part.5}{V Humanism}{}% 29
\BOOKMARK [1][-]{section*.26}{The origins of universal human values}{part.5}% 30
\BOOKMARK [1][-]{section*.27}{Tribalism \205 Ideology, religion \046 the era of identity politics}{part.5}% 31
\BOOKMARK [1][-]{section*.28}{The contradictions \046 viability of mankind in the face of human intelligence}{part.5}% 32
\BOOKMARK [1][-]{section*.29}{Can mankind strategically evolve?}{part.5}% 33
\BOOKMARK [1][-]{section*.30}{References}{part.5}% 34
