\BOOKMARK [1][-]{section*.1}{Contents}{}% 1
\BOOKMARK [1][-]{section*.2}{Notes}{}% 2
\BOOKMARK [1][-]{section*.3}{Definitions}{}% 3
\BOOKMARK [2][-]{section*.4}{Traits}{section*.3}% 4
\BOOKMARK [3][-]{section*.5}{Correlated traits}{section*.4}% 5
\BOOKMARK [3][-]{section*.6}{Trait heirarchies}{section*.4}% 6
\BOOKMARK [3][-]{section*.7}{Competing vs non-competing traits}{section*.4}% 7
\BOOKMARK [2][-]{section*.8}{Individuals \046 groups}{section*.3}% 8
\BOOKMARK [2][-]{section*.9}{Strategies}{section*.3}% 9
\BOOKMARK [3][-]{section*.10}{Strategies as information}{section*.9}% 10
\BOOKMARK [3][-]{section*.11}{Indirect strategies}{section*.9}% 11
\BOOKMARK [3][-]{section*.12}{Associative traits}{section*.9}% 12
\BOOKMARK [3][-]{section*.13}{Adoptive traits}{section*.9}% 13
\BOOKMARK [3][-]{section*.14}{Trait substitution}{section*.9}% 14
\BOOKMARK [3][-]{section*.15}{Strategic subservience}{section*.9}% 15
\BOOKMARK [2][-]{section*.16}{Payoff}{section*.3}% 16
\BOOKMARK [3][-]{section*.17}{Individual payoff}{section*.16}% 17
\BOOKMARK [3][-]{section*.18}{Group payoff}{section*.16}% 18
\BOOKMARK [1][-]{section*.19}{Selfish vs altruistic behaviour}{}% 19
\BOOKMARK [1][-]{section*.20}{Meta-strategy}{}% 20
\BOOKMARK [2][-]{section*.21}{Meta-utility}{section*.20}% 21
\BOOKMARK [2][-]{section*.22}{Meta-strategic game-theory}{section*.20}% 22
\BOOKMARK [1][-]{section*.23}{Quantum information \205 A new era for strategic dominance}{}% 23
\BOOKMARK [1][-]{section*.24}{Humanity}{}% 24
